# JRE version: OpenJDK Runtime Environment (8.0_112-b06) (build 1.8.0_112-release-b06)
# Java VM: OpenJDK 64-Bit Server VM (25.112-b06 mixed mode linux-amd64 compressed oops)
Heap:
 PSYoungGen      total 372736K, used 18792K [0x00000000e0000000, 0x00000000ffe80000, 0x0000000100000000)
  eden space 226816K, 0% used [0x00000000e0000000,0x00000000e0000000,0x00000000edd80000)
  from space 145920K, 12% used [0x00000000edd80000,0x00000000eefda200,0x00000000f6c00000)
  to   space 140288K, 0% used [0x00000000f7580000,0x00000000f7580000,0x00000000ffe80000)
 ParOldGen       total 1048576K, used 951622K [0x00000000a0000000, 0x00000000e0000000, 0x00000000e0000000)
  object space 1048576K, 90% used [0x00000000a0000000,0x00000000da151b98,0x00000000e0000000)
 Metaspace       used 108504K, capacity 115232K, committed 115760K, reserved 1150976K
  class space    used 13432K, capacity 14471K, committed 14640K, reserved 1048576K
GC Heap History (10 events):
Event: 11210.858 GC heap after
Heap after GC invocations=95 (full 14):
 PSYoungGen      total 372224K, used 92266K [0x00000000e0000000, 0x0000000100000000, 0x0000000100000000)
  eden space 234496K, 0% used [0x00000000e0000000,0x00000000e0000000,0x00000000ee500000)
  from space 137728K, 66% used [0x00000000ee500000,0x00000000f3f1a8b0,0x00000000f6b80000)
  to   space 147456K, 0% used [0x00000000f7000000,0x00000000f7000000,0x0000000100000000)
 ParOldGen       total 1048576K, used 768643K [0x00000000a0000000, 0x00000000e0000000, 0x00000000e0000000)
  object space 1048576K, 73% used [0x00000000a0000000,0x00000000ceea0cf0,0x00000000e0000000)
 Metaspace       used 105194K, capacity 111744K, committed 115376K, reserved 1150976K
  class space    used 13014K, capacity 14023K, committed 14512K, reserved 1048576K
}
Event: 11211.338 GC heap before
{Heap before GC invocations=96 (full 14):
 PSYoungGen      total 372224K, used 326762K [0x00000000e0000000, 0x0000000100000000, 0x0000000100000000)
  eden space 234496K, 100% used [0x00000000e0000000,0x00000000ee500000,0x00000000ee500000)
  from space 137728K, 66% used [0x00000000ee500000,0x00000000f3f1a8b0,0x00000000f6b80000)
  to   space 147456K, 0% used [0x00000000f7000000,0x00000000f7000000,0x0000000100000000)
 ParOldGen       total 1048576K, used 768643K [0x00000000a0000000, 0x00000000e0000000, 0x00000000e0000000)
  object space 1048576K, 73% used [0x00000000a0000000,0x00000000ceea0cf0,0x00000000e0000000)
 Metaspace       used 105197K, capacity 111744K, committed 115376K, reserved 1150976K
  class space    used 13014K, capacity 14023K, committed 14512K, reserved 1048576K
Event: 11211.404 GC heap after
Heap after GC invocations=96 (full 14):
 PSYoungGen      total 380928K, used 19604K [0x00000000e0000000, 0x00000000ffe80000, 0x0000000100000000)
  eden space 235008K, 0% used [0x00000000e0000000,0x00000000e0000000,0x00000000ee580000)
  from space 145920K, 13% used [0x00000000f7000000,0x00000000f8325278,0x00000000ffe80000)
  to   space 141824K, 0% used [0x00000000ee580000,0x00000000ee580000,0x00000000f7000000)
 ParOldGen       total 1048576K, used 856314K [0x00000000a0000000, 0x00000000e0000000, 0x00000000e0000000)
  object space 1048576K, 81% used [0x00000000a0000000,0x00000000d443e848,0x00000000e0000000)
 Metaspace       used 105197K, capacity 111744K, committed 115376K, reserved 1150976K
  class space    used 13014K, capacity 14023K, committed 14512K, reserved 1048576K
}
Event: 11458.401 GC heap before
{Heap before GC invocations=97 (full 14):
 PSYoungGen      total 380928K, used 254502K [0x00000000e0000000, 0x00000000ffe80000, 0x0000000100000000)
  eden space 235008K, 99% used [0x00000000e0000000,0x00000000ee5646b8,0x00000000ee580000)
  from space 145920K, 13% used [0x00000000f7000000,0x00000000f8325278,0x00000000ffe80000)
  to   space 141824K, 0% used [0x00000000ee580000,0x00000000ee580000,0x00000000f7000000)
 ParOldGen       total 1048576K, used 856314K [0x00000000a0000000, 0x00000000e0000000, 0x00000000e0000000)
  object space 1048576K, 81% used [0x00000000a0000000,0x00000000d443e848,0x00000000e0000000)
 Metaspace       used 105259K, capacity 111896K, committed 115376K, reserved 1150976K
  class space    used 13022K, capacity 14031K, committed 14512K, reserved 1048576K
Event: 11458.425 GC heap after
Heap after GC invocations=97 (full 14):
 PSYoungGen      total 252416K, used 16997K [0x00000000e0000000, 0x00000000ff100000, 0x0000000100000000)
  eden space 235008K, 0% used [0x00000000e0000000,0x00000000e0000000,0x00000000ee580000)
  from space 17408K, 97% used [0x00000000ee580000,0x00000000ef619608,0x00000000ef680000)
  to   space 136192K, 0% used [0x00000000f6c00000,0x00000000f6c00000,0x00000000ff100000)
 ParOldGen       total 1048576K, used 856378K [0x00000000a0000000, 0x00000000e0000000, 0x00000000e0000000)
  object space 1048576K, 81% used [0x00000000a0000000,0x00000000d444ebb8,0x00000000e0000000)
 Metaspace       used 105259K, capacity 111896K, committed 115376K, reserved 1150976K
  class space    used 13022K, capacity 14031K, committed 14512K, reserved 1048576K
}
Event: 11459.529 GC heap before
{Heap before GC invocations=98 (full 14):
 PSYoungGen      total 252416K, used 252005K [0x00000000e0000000, 0x00000000ff100000, 0x0000000100000000)
  eden space 235008K, 100% used [0x00000000e0000000,0x00000000ee580000,0x00000000ee580000)
  from space 17408K, 97% used [0x00000000ee580000,0x00000000ef619608,0x00000000ef680000)
  to   space 136192K, 0% used [0x00000000f6c00000,0x00000000f6c00000,0x00000000ff100000)
 ParOldGen       total 1048576K, used 856378K [0x00000000a0000000, 0x00000000e0000000, 0x00000000e0000000)
  object space 1048576K, 81% used [0x00000000a0000000,0x00000000d444ebb8,0x00000000e0000000)
 Metaspace       used 108504K, capacity 115232K, committed 115760K, reserved 1150976K
  class space    used 13432K, capacity 14471K, committed 14640K, reserved 1048576K
Event: 11459.615 GC heap after
Heap after GC invocations=98 (full 14):
 PSYoungGen      total 363008K, used 92216K [0x00000000e0000000, 0x0000000100000000, 0x0000000100000000)
  eden space 226816K, 0% used [0x00000000e0000000,0x00000000e0000000,0x00000000edd80000)
  from space 136192K, 67% used [0x00000000f6c00000,0x00000000fc60e0b8,0x00000000ff100000)
  to   space 145920K, 0% used [0x00000000edd80000,0x00000000edd80000,0x00000000f6c00000)
 ParOldGen       total 1048576K, used 867730K [0x00000000a0000000, 0x00000000e0000000, 0x00000000e0000000)
  object space 1048576K, 82% used [0x00000000a0000000,0x00000000d4f649a8,0x00000000e0000000)
 Metaspace       used 108504K, capacity 115232K, committed 115760K, reserved 1150976K
  class space    used 13432K, capacity 14471K, committed 14640K, reserved 1048576K
}
Event: 11460.128 GC heap before
{Heap before GC invocations=99 (full 14):
 PSYoungGen      total 363008K, used 319032K [0x00000000e0000000, 0x0000000100000000, 0x0000000100000000)
  eden space 226816K, 100% used [0x00000000e0000000,0x00000000edd80000,0x00000000edd80000)
  from space 136192K, 67% used [0x00000000f6c00000,0x00000000fc60e0b8,0x00000000ff100000)
  to   space 145920K, 0% used [0x00000000edd80000,0x00000000edd80000,0x00000000f6c00000)
 ParOldGen       total 1048576K, used 867730K [0x00000000a0000000, 0x00000000e0000000, 0x00000000e0000000)
  object space 1048576K, 82% used [0x00000000a0000000,0x00000000d4f649a8,0x00000000e0000000)
 Metaspace       used 108504K, capacity 115232K, committed 115760K, reserved 1150976K
  class space    used 13432K, capacity 14471K, committed 14640K, reserved 1048576K
Event: 11460.206 GC heap after
Heap after GC invocations=99 (full 14):
 PSYoungGen      total 372736K, used 18792K [0x00000000e0000000, 0x00000000ffe80000, 0x0000000100000000)
  eden space 226816K, 0% used [0x00000000e0000000,0x00000000e0000000,0x00000000edd80000)
  from space 145920K, 12% used [0x00000000edd80000,0x00000000eefda200,0x00000000f6c00000)
  to   space 140288K, 0% used [0x00000000f7580000,0x00000000f7580000,0x00000000ffe80000)
 ParOldGen       total 1048576K, used 951622K [0x00000000a0000000, 0x00000000e0000000, 0x00000000e0000000)
  object space 1048576K, 90% used [0x00000000a0000000,0x00000000da151b98,0x00000000e0000000)
 Metaspace       used 108504K, capacity 115232K, committed 115760K, reserved 1150976K
  class space    used 13432K, capacity 14471K, committed 14640K, reserved 1048576K
}
Event: 11460.206 GC heap before
{Heap before GC invocations=100 (full 15):
 PSYoungGen      total 372736K, used 18792K [0x00000000e0000000, 0x00000000ffe80000, 0x0000000100000000)
  eden space 226816K, 0% used [0x00000000e0000000,0x00000000e0000000,0x00000000edd80000)
  from space 145920K, 12% used [0x00000000edd80000,0x00000000eefda200,0x00000000f6c00000)
  to   space 140288K, 0% used [0x00000000f7580000,0x00000000f7580000,0x00000000ffe80000)
 ParOldGen       total 1048576K, used 951622K [0x00000000a0000000, 0x00000000e0000000, 0x00000000e0000000)
  object space 1048576K, 90% used [0x00000000a0000000,0x00000000da151b98,0x00000000e0000000)
 Metaspace       used 108504K, capacity 115232K, committed 115760K, reserved 1150976K
  class space    used 13432K, capacity 14471K, committed 14640K, reserved 1048576K

